02/18/2020 19:00:20 200 GET 193.371 ms: Author Get by ID 
02/18/2020 19:00:20 200 GET 5.639 ms: Author Get by ID 
02/18/2020 19:00:33 200 GET 5.639 ms: Author Get by ID 
02/18/2020 19:00:20 200 GET 4.403 ms: Author Get by ID 
02/18/2020 19:00:33 200 GET 4.403 ms: Author Get by ID 
02/18/2020 19:00:40 200 GET 4.403 ms: Author Get by ID 
02/18/2020 19:05:30 200 GET 179.134 ms: Author Get by ID 
02/18/2020 19:05:42 200 GET 4.079 ms: Author Get by ID 
02/18/2020 19:05:48 200 GET 3.729 ms: Author Get by ID 
02/18/2020 19:07:56 200 GET 195.939 ms: Author Get by ID 
02/18/2020 19:07:59 200 GET 4.68 ms: Author Get by ID 
02/18/2020 19:08:00 200 GET 3.198 ms: Author Get by ID 
02/18/2020 19:13:40 200 GET 18.981 ms: Someone tried to access 
02/18/2020 19:13:58 200 GET 0.257 ms: Someone tried to access 
02/18/2020 19:14:03 200 GET 188.203 ms: Author Get 
02/18/2020 19:14:21 200 GET 5.167 ms: Author Get 
02/18/2020 19:18:22 200 PATCH 238.349 ms: Author ID : 1 updated 
02/18/2020 19:22:02 200 POST 610.686 ms: Author Posted 
02/18/2020 19:23:13 200 DELETE 40.536 ms: Author Deleted 
02/18/2020 19:23:19 200 GET 62.835 ms: Author Get 
